<?xml version="1.0" encoding="utf-8"?><testsuites><testsuite name="pytest" errors="0" failures="0" skipped="0" tests="89" time="7.852" timestamp="2025-12-12T08:50:17.566550" hostname="3b935a795139"><testcase classname="practical_devsecops_cloud_labs.activity.tests.test_filters.TestUserActivityFilter" name="pet_findByStatus_get_basic_access" time="0.098" /><testcase classname="practical_devsecops_cloud_labs.activity.tests.test_filters.TestUserActivityFilter" name="test_filter_by_end_date" time="0.010" /><testcase classname="practical_devsecops_cloud_labs.activity.tests.test_filters.TestUserActivityFilter" name="test_filter_by_date_range" time="0.010" /><testcase classname="practical_devsecops_cloud_labs.activity.tests.test_filters.TestUserActivityFilter" name="test_filter_by_activity_type" time="0.007" /><testcase classname="practical_devsecops_cloud_labs.activity.tests.test_filters.TestUserActivityFilter" name="test_filter_by_resource" time="0.009" /><testcase classname="practical_devsecops_cloud_labs.activity.tests.test_filters.TestUserActivityFilter" name="test_filter_combined" time="0.012" /><testcase classname="practical_devsecops_cloud_labs.activity.tests.test_filters.TestUserActivityFilter" name="test_filter_empty_result" time="0.005" /><testcase classname="practical_devsecops_cloud_labs.activity.tests.test_filters.TestUserActivityFilter" name="test_filter_no_params" time="0.010" /><testcase classname="practical_devsecops_cloud_labs.activity.tests.test_filters.TestUserActivityFilter" name="test_filter_invalid_date_format" time="0.022" /><testcase classname="practical_devsecops_cloud_labs.activity.tests.test_filters.TestUserActivityFilter" name="test_filter_future_date_range" time="0.008" /><testcase classname="practical_devsecops_cloud_labs.activity.tests.test_filters.TestUserActivityFilter" name="test_filter_date_with_time" time="0.008" /><testcase classname="practical_devsecops_cloud_labs.activity.tests.test_filters.TestUserActivityFilter" name="test_filter_iso_format_variations" time="0.007" /><testcase classname="practical_devsecops_cloud_labs.activity.tests.test_filters.TestUserActivityFilter" name="test_filter_boundary_conditions" time="0.006" /><testcase classname="practical_devsecops_cloud_labs.activity.tests.test_filters.TestUserActivityFilter" name="test_filter_preserves_queryset" time="0.007" /><testcase classname="practical_devsecops_cloud_labs.activity.tests.test_models.TestUserActivityModel" name="test_create_user_activity" time="0.005" /><testcase classname="practical_devsecops_cloud_labs.activity.tests.test_models.TestUserActivityModel" name="test_user_activity_defaults" time="0.004" /><testcase classname="practical_devsecops_cloud_labs.activity.tests.test_models.TestUserActivityModel" name="test_user_activity_with_metadata" time="0.006" /><testcase classname="practical_devsecops_cloud_labs.activity.tests.test_models.TestUserActivityModel" name="test_user_activity_with_remark" time="0.005" /><testcase classname="practical_devsecops_cloud_labs.activity.tests.test_models.TestUserActivityModel" name="test_user_activity_heartbeat_tracking" time="0.005" /><testcase classname="practical_devsecops_cloud_labs.activity.tests.test_models.TestUserActivityModel" name="test_user_activity_str_representation" time="0.006" /><testcase classname="practical_devsecops_cloud_labs.activity.tests.test_models.TestUserActivityModel" name="test_user_activity_indexes" time="0.004" /><testcase classname="practical_devsecops_cloud_labs.activity.tests.test_models.TestUserActivityModel" name="test_filter_by_user" time="0.008" /><testcase classname="practical_devsecops_cloud_labs.activity.tests.test_models.TestUserActivityModel" name="test_filter_by_session_id" time="0.007" /><testcase classname="practical_devsecops_cloud_labs.activity.tests.test_models.TestUserActivityModel" name="test_filter_by_resource_type" time="0.008" /><testcase classname="practical_devsecops_cloud_labs.activity.tests.test_models.TestUserActivityModel" name="test_filter_by_activity_type" time="0.009" /><testcase classname="practical_devsecops_cloud_labs.activity.tests.test_models.TestUserActivityModel" name="test_ordering_by_time" time="0.034" /><testcase classname="practical_devsecops_cloud_labs.activity.tests.test_models.TestUserActivityModel" name="test_null_optional_fields" time="0.004" /><testcase classname="practical_devsecops_cloud_labs.activity.tests.test_models.TestUserActivityModel" name="test_cascade_delete_user" time="0.025" /><testcase classname="practical_devsecops_cloud_labs.activity.tests.test_serializers.TestUserActivitySerializer" name="test_serialize_user_activity" time="0.006" /><testcase classname="practical_devsecops_cloud_labs.activity.tests.test_serializers.TestUserActivitySerializer" name="test_read_only_fields" time="0.005" /><testcase classname="practical_devsecops_cloud_labs.activity.tests.test_serializers.TestUserActivityCreateSerializer" name="test_create_user_activity" time="0.007" /><testcase classname="practical_devsecops_cloud_labs.activity.tests.test_serializers.TestUserActivityCreateSerializer" name="test_create_requires_request_context" time="0.003" /><testcase classname="practical_devsecops_cloud_labs.activity.tests.test_serializers.TestUserActivityCreateSerializer" name="test_update_existing_session" time="0.008" /><testcase classname="practical_devsecops_cloud_labs.activity.tests.test_serializers.TestUserActivityCreateSerializer" name="test_create_new_session_after_3_hours" time="0.007" /><testcase classname="practical_devsecops_cloud_labs.activity.tests.test_serializers.TestUserActivityCreateSerializer" name="test_session_id_required" time="0.002" /><testcase classname="practical_devsecops_cloud_labs.activity.tests.test_serializers.TestLastActivitySerializer" name="test_serialize_last_activity" time="0.005" /><testcase classname="practical_devsecops_cloud_labs.activity.tests.test_serializers.TestLastActivitySerializer" name="test_all_fields_read_only" time="0.002" /><testcase classname="practical_devsecops_cloud_labs.activity.tests.test_serializers.TestActivityStatisticsSerializer" name="test_serialize_statistics" time="0.002" /><testcase classname="practical_devsecops_cloud_labs.activity.tests.test_serializers.TestActivityStatisticsSerializer" name="test_field_types" time="0.003" /><testcase classname="practical_devsecops_cloud_labs.activity.tests.test_serializers.TestResourceTypeCountSerializer" name="test_serialize_resource_type_counts" time="0.002" /><testcase classname="practical_devsecops_cloud_labs.activity.tests.test_serializers.TestCourseCountSerializer" name="test_serialize_course_counts" time="0.002" /><testcase classname="practical_devsecops_cloud_labs.activity.tests.test_serializers.TestActivityLevelSerializer" name="test_serialize_activity_level" time="0.002" /><testcase classname="practical_devsecops_cloud_labs.activity.tests.test_serializers.TestActivityLevelSerializer" name="test_level_min_max_validation" time="0.002" /><testcase classname="practical_devsecops_cloud_labs.activity.tests.test_serializers.TestActivitySessionSerializer" name="test_serialize_activity_session" time="0.006" /><testcase classname="practical_devsecops_cloud_labs.activity.tests.test_serializers.TestActivitySessionSerializer" name="test_hours_calculation" time="0.002" /><testcase classname="practical_devsecops_cloud_labs.activity.tests.test_serializers.TestActivitySessionSerializer" name="test_invalid_resource_format" time="0.002" /><testcase classname="practical_devsecops_cloud_labs.activity.tests.test_views.TestUserActivityViewSetCreate" name="test_create_activity_authenticated" time="2.477" /><testcase classname="practical_devsecops_cloud_labs.activity.tests.test_views.TestUserActivityViewSetCreate" name="test_create_activity_unauthenticated" time="0.321" /><testcase classname="practical_devsecops_cloud_labs.activity.tests.test_views.TestUserActivityViewSetCreate" name="test_create_activity_missing_required_fields" time="0.083" /><testcase classname="practical_devsecops_cloud_labs.activity.tests.test_views.TestUserActivityViewSetCreate" name="test_create_activity_invalid_data_types" time="0.092" /><testcase classname="practical_devsecops_cloud_labs.activity.tests.test_views.TestUserActivityViewSetCreate" name="test_create_activity_empty_string_values" time="0.080" /><testcase classname="practical_devsecops_cloud_labs.activity.tests.test_views.TestUserActivityViewSetCreate" name="test_create_activity_with_special_characters" time="0.089" /><testcase classname="practical_devsecops_cloud_labs.activity.tests.test_views.TestUserActivityViewSetCreate" name="test_complete_exercise" time="0.087" /><testcase classname="practical_devsecops_cloud_labs.activity.tests.test_views.TestUserActivityViewSetList" name="test_list_activities_authenticated" time="0.096" /><testcase classname="practical_devsecops_cloud_labs.activity.tests.test_views.TestUserActivityViewSetList" name="test_list_activities_only_own" time="0.111" /><testcase classname="practical_devsecops_cloud_labs.activity.tests.test_views.TestUserActivityViewSetList" name="test_staff_can_see_all_activities" time="0.076" /><testcase classname="practical_devsecops_cloud_labs.activity.tests.test_views.TestUserActivityViewSetList" name="test_list_activities_timezone_filter" time="0.179" /><testcase classname="practical_devsecops_cloud_labs.activity.tests.test_views.TestUserActivityViewSetList" name="test_list_activities_timezone_midnight_boundary" time="0.177" /><testcase classname="practical_devsecops_cloud_labs.activity.tests.test_views.TestStatisticsEndpoint" name="test_get_statistics_authenticated" time="0.099" /><testcase classname="practical_devsecops_cloud_labs.activity.tests.test_views.TestStatisticsEndpoint" name="test_get_statistics_zero_activities" time="0.094" /><testcase classname="practical_devsecops_cloud_labs.activity.tests.test_views.TestStatisticsEndpoint" name="test_get_statistics_with_date_filter" time="0.099" /><testcase classname="practical_devsecops_cloud_labs.activity.tests.test_views.TestStatisticsEndpoint" name="test_get_statistics_unauthenticated" time="0.072" /><testcase classname="practical_devsecops_cloud_labs.activity.tests.test_views.TestStatisticsEndpoint" name="test_get_statistics_unauthorized" time="0.072" /><testcase classname="practical_devsecops_cloud_labs.activity.tests.test_views.TestStatisticsEndpoint" name="test_statistics_current_streak_calculation" time="0.091" /><testcase classname="practical_devsecops_cloud_labs.activity.tests.test_views.TestStatisticsEndpoint" name="test_statistics_timezone_aware_streak_calculation" time="0.096" /><testcase classname="practical_devsecops_cloud_labs.activity.tests.test_views.TestStatisticsEndpoint" name="test_statistics_timezone_filter_streak_calculation" time="0.099" /><testcase classname="practical_devsecops_cloud_labs.activity.tests.test_views.TestStatisticsEndpoint" name="test_statistics_different_timezone_activities" time="0.186" /><testcase classname="practical_devsecops_cloud_labs.activity.tests.test_views.TestStatisticsEndpoint" name="test_statistics_midnight_crossing_timezone" time="0.100" /><testcase classname="practical_devsecops_cloud_labs.activity.tests.test_views.TestStatisticsEndpoint" name="test_statistics_daylight_saving_time_transition" time="0.100" /><testcase classname="practical_devsecops_cloud_labs.activity.tests.test_views.TestResourceTypeCountsEndpoint" name="test_get_resource_type_counts" time="0.093" /><testcase classname="practical_devsecops_cloud_labs.activity.tests.test_views.TestResourceTypeCountsEndpoint" name="test_resource_type_counts_structure" time="0.091" /><testcase classname="practical_devsecops_cloud_labs.activity.tests.test_views.TestResourceTypeCountsEndpoint" name="test_resource_type_counts_empty" time="0.097" /><testcase classname="practical_devsecops_cloud_labs.activity.tests.test_views.TestCourseCountsEndpoint" name="test_get_course_counts" time="0.095" /><testcase classname="practical_devsecops_cloud_labs.activity.tests.test_views.TestCourseCountsEndpoint" name="test_course_counts_structure" time="0.104" /><testcase classname="practical_devsecops_cloud_labs.activity.tests.test_views.TestActivityLevelsEndpoint" name="test_get_activity_levels" time="0.092" /><testcase classname="practical_devsecops_cloud_labs.activity.tests.test_views.TestActivityLevelsEndpoint" name="test_activity_levels_with_date_range" time="0.096" /><testcase classname="practical_devsecops_cloud_labs.activity.tests.test_views.TestActivityLevelsEndpoint" name="test_activity_levels_empty" time="0.085" /><testcase classname="practical_devsecops_cloud_labs.activity.tests.test_views.TestActivityListEndpoint" name="test_get_activity_list" time="0.088" /><testcase classname="practical_devsecops_cloud_labs.activity.tests.test_views.TestActivityListEndpoint" name="test_activity_list_pagination" time="0.093" /><testcase classname="practical_devsecops_cloud_labs.activity.tests.test_views.TestActivityListEndpoint" name="test_activity_list_structure" time="0.091" /><testcase classname="practical_devsecops_cloud_labs.activity.tests.test_views.TestLastActivityEndpoint" name="test_get_last_activity" time="0.096" /><testcase classname="practical_devsecops_cloud_labs.activity.tests.test_views.TestLastActivityEndpoint" name="test_get_last_activity_multiple" time="0.094" /><testcase classname="practical_devsecops_cloud_labs.activity.tests.test_views.TestLastActivityEndpoint" name="test_get_last_activity_none" time="0.148" /><testcase classname="practical_devsecops_cloud_labs.activity.tests.test_views.TestEdgeCases" name="test_concurrent_sessions_same_user" time="0.363" /><testcase classname="practical_devsecops_cloud_labs.activity.tests.test_views.TestEdgeCases" name="test_same_resource_multiple_sessions" time="0.166" /><testcase classname="practical_devsecops_cloud_labs.activity.tests.test_views.TestEdgeCases" name="test_future_date_in_filter" time="0.097" /><testcase classname="practical_devsecops_cloud_labs.activity.tests.test_views.TestEdgeCases" name="test_very_old_date_in_filter" time="0.092" /><testcase classname="practical_devsecops_cloud_labs.activity.tests.test_views.TestEdgeCases" name="test_unicode_in_resource" time="0.084" /><testcase classname="practical_devsecops_cloud_labs.activity.tests.test_views.TestEdgeCases" name="test_extremely_long_resource_path" time="0.093" /></testsuite></testsuites>